<?xml version="1.0" encoding="UTF-8"?>
<coverage generated="1527020262">
  <project timestamp="1527020262">
    <package name="Faker\Provider">
      <file name="/Users/peter/Projects/ciaociao/CiaoCiao-Backend/vendor/pelmered/fake-car/src/Fakecar.php">
        <class name="Faker\Provider\Fakecar" namespace="Faker\Provider">
          <metrics complexity="8" methods="7" coveredmethods="7" conditionals="0" coveredconditionals="0" statements="10" coveredstatements="10" elements="17" coveredelements="17"/>
        </class>
        <line num="537" type="method" name="vehicle" visibility="public" complexity="1" crap="1" count="1"/>
        <line num="539" type="stmt" count="1"/>
        <line num="540" type="stmt" count="1"/>
        <line num="543" type="method" name="vehicleArray" visibility="public" complexity="1" crap="1" count="1"/>
        <line num="545" type="stmt" count="1"/>
        <line num="547" type="stmt" count="1"/>
        <line num="548" type="stmt" count="1"/>
        <line num="552" type="method" name="vehicleBrand" visibility="public" complexity="1" crap="1" count="4"/>
        <line num="554" type="stmt" count="4"/>
        <line num="557" type="method" name="vehicleModel" visibility="public" complexity="2" crap="2" count="3"/>
        <line num="559" type="stmt" count="3"/>
        <line num="562" type="method" name="vehicleRegistration" visibility="public" complexity="1" crap="1" count="1"/>
        <line num="564" type="stmt" count="1"/>
        <line num="567" type="method" name="vehicleType" visibility="public" complexity="1" crap="1" count="1"/>
        <line num="569" type="stmt" count="1"/>
        <line num="571" type="method" name="vehicleFuelType" visibility="public" complexity="1" crap="1" count="1"/>
        <line num="573" type="stmt" count="1"/>
        <metrics loc="575" ncloc="575" classes="1" methods="7" coveredmethods="7" conditionals="0" coveredconditionals="0" statements="10" coveredstatements="10" elements="17" coveredelements="17"/>
      </file>
    </package>
    <metrics files="1" loc="575" ncloc="575" classes="1" methods="7" coveredmethods="7" conditionals="0" coveredconditionals="0" statements="10" coveredstatements="10" elements="17" coveredelements="17"/>
  </project>
</coverage>
